<?xml version="1.0" encoding="UTF-8"?>
<testsuite xmlns:xsi="http://www.w3.org/2001/XMLSchema-instance" xsi:noNamespaceSchemaLocation="https://maven.apache.org/surefire/maven-surefire-plugin/xsd/surefire-test-report-3.0.xsd" version="3.0" name="cat.itacademy.s04.t01.n01.S04T01N01ApplicationTests" time="2.596" tests="1" errors="0" skipped="0" failures="0">
  <properties>
[...]
</properties>
  <testcase name="contextLoads" classname="cat.itacademy.s04.t01.n01.S04T01N01ApplicationTests" time="0.85">
    <system-out><![CDATA[13:01:09.657 [main] INFO org.springframework.test.context.support.AnnotationConfigContextLoaderUtils -- Could not detect default configuration classes for test class [cat.itacademy.s04.t01.n01.S04T01N01ApplicationTests]: S04T01N01ApplicationTests does not declare any static, non-private, non-final, nested classes annotated with @Configuration.
13:01:09.748 [main] INFO org.springframework.boot.test.context.SpringBootTestContextBootstrapper -- Found @SpringBootConfiguration cat.itacademy.s04.t01.n01.S04T01N01Application for test class cat.itacademy.s04.t01.n01.S04T01N01ApplicationTests
13:01:09.902 [main] INFO org.springframework.boot.devtools.restart.RestartApplicationListener -- Restart disabled due to context in which it is running

  .   ____          _            __ _ _
 /\\ / ___'_ __ _ _(_)_ __  __ _ \ \ \ \
( ( )\___ | '_ | '_| | '_ \/ _` | \ \ \ \
 \\/  ___)| |_)| | | | | || (_| |  ) ) ) )
  '  |____| .__|_| |_|_| |_\__, | / / / /
 =========|_|==============|___/=/_/_/_/

 :: Spring Boot ::                (v3.3.4)

2024-09-25T13:01:10.154+02:00  INFO 9368 --- [S04T01N01] [           main] c.i.s.t01.n01.S04T01N01ApplicationTests  : Starting S04T01N01ApplicationTests using Java 17.0.11 with PID 9368 (started by formacio in C:\Users\formacio\Downloads\S04T01N01\S04T01N01)
2024-09-25T13:01:10.156+02:00  INFO 9368 --- [S04T01N01] [           main] c.i.s.t01.n01.S04T01N01ApplicationTests  : No active profile set, falling back to 1 default profile: "default"
2024-09-25T13:01:11.224+02:00  INFO 9368 --- [S04T01N01] [           main] c.i.s.t01.n01.S04T01N01ApplicationTests  : Started S04T01N01ApplicationTests in 1.332 seconds (process running for 2.27)
]]></system-out>
  </testcase>
</testsuite>